Log file open, 11/16/17 11:36:38
LogInit:Display: Running engine for game: Water
LogPlatformFile: Not using cached read wrapper
LogInit:Display: RandInit(2099622029) SRandInit(2099622029).
LogTaskGraph: Started task graph with 5 named threads and 8 total threads with 1 sets of task threads.
LogStats: Stats thread started at 0.065879
LogInit: Using libcurl 7.47.1
LogInit:  - built for x86_64-pc-win32
LogInit:  - supports SSL with OpenSSL/1.0.2g
LogInit:  - supports HTTP deflate (compression) using libz 1.2.8
LogInit:  - other features:
LogInit:      CURL_VERSION_SSL
LogInit:      CURL_VERSION_LIBZ
LogInit:      CURL_VERSION_IPV6
LogInit:      CURL_VERSION_ASYNCHDNS
LogInit:      CURL_VERSION_LARGEFILE
LogInit:      CURL_VERSION_IDN
LogInit:  CurlRequestOptions (configurable via config and command line):
LogInit:  - bVerifyPeer = false  - Libcurl will NOT verify peer certificate
LogInit:  - bUseHttpProxy = false  - Libcurl will NOT use HTTP proxy
LogInit:  - bDontReuseConnections = false  - Libcurl will reuse connections
LogInit:  - CertBundlePath = nullptr  - Libcurl will use whatever was configured at build time.
LogInit: Build: ++UE4+Release-4.15-CL-3450819
LogInit: Engine Version: 4.15.3-3450819+++UE4+Release-4.15
LogInit: Compatible Engine Version: 4.15.0-3299760+++UE4+Release-4.15
LogInit: Net CL: 3299760
LogDevObjectVersion: Number of dev versions registered: 14
LogDevObjectVersion:   Dev-Blueprints (B0D832E4-1F89-4F0D-ACCF-7EB736FD4AA2): 8
LogDevObjectVersion:   Dev-Build (E1C64328-A22C-4D53-A36C-8E866417BD8C): 0
LogDevObjectVersion:   Dev-Core (375EC13C-06E4-48FB-B500-84F0262A717E): 2
LogDevObjectVersion:   Dev-Editor (E4B068ED-F494-42E9-A231-DA0B2E46BB41): 14
LogDevObjectVersion:   Dev-Framework (CFFC743F-43B0-4480-9391-14DF171D2073): 22
LogDevObjectVersion:   Dev-Mobile (B02B49B5-BB20-44E9-A304-32B752E40360): 0
LogDevObjectVersion:   Dev-Networking (A4E4105C-59A1-49B5-A7C5-40C4547EDFEE): 0
LogDevObjectVersion:   Dev-Online (39C831C9-5AE6-47DC-9A44-9C173E1C8E7C): 0
LogDevObjectVersion:   Dev-Physics (78F01B33-EBEA-4F98-B9B4-84EACCB95AA2): 0
LogDevObjectVersion:   Dev-Platform (6631380F-2D4D-43E0-8009-CF276956A95A): 0
LogDevObjectVersion:   Dev-Rendering (12F88B9F-8875-4AFC-A67C-D90C383ABD29): 12
LogDevObjectVersion:   Dev-Sequencer (7B5AE74C-D270-4C10-A958-57980B212A5A): 3
LogDevObjectVersion:   Dev-VR (D7296918-1DD6-4BDD-9DE2-64A83CC13884): 0
LogDevObjectVersion:   Dev-LoadTimes (C2A15278-BFE7-4AFE-6C17-90FF531DF755): 1
LogInit: Compiled (64-bit): May 21 2017 11:02:34
LogInit: Compiled with Visual C++: 19.00.23026.00
LogInit: Build Configuration: Development
LogInit: Branch Name: ++UE4+Release-4.15
LogInit: Command line: -EpicPortal 
LogInit: Base directory: E:/UE4/UE_4.15/Engine/Binaries/Win64/
LogInit: Installed Engine Build: 1
LogInit: Presizing for max 8388607 objects, including 0 objects not considered by GC, pre-allocating 0 bytes for permanent pool.
LogInit: Object subsystem initialized
[2017.11.16-03.36.39:255][  0]LogInit: Selected Device Profile: [Windows]
[2017.11.16-03.36.39:255][  0]LogInit: Applying CVar settings loaded from the selected device profile: [Windows]
[2017.11.16-03.36.39:260][  0]LogInit: Computer: HK137
[2017.11.16-03.36.39:260][  0]LogInit: User: Administrator
[2017.11.16-03.36.39:260][  0]LogInit: CPU Page size=65536, Cores=4
[2017.11.16-03.36.39:260][  0]LogInit: High frequency timer resolution =3.914189 MHz
[2017.11.16-03.36.39:261][  0]LogMemory: Memory total: Physical=31.9GB (32GB approx)
[2017.11.16-03.36.39:261][  0]LogMemory: Platform Memory Stats for Windows
[2017.11.16-03.36.39:261][  0]LogMemory: Process Physical Memory: 265.10 MB used, 265.10 MB peak
[2017.11.16-03.36.39:261][  0]LogMemory: Process Virtual Memory: 264.62 MB used, 264.62 MB peak
[2017.11.16-03.36.39:261][  0]LogMemory: Physical Memory: 9012.81 MB used,  23691.45 MB free, 32704.26 MB total
[2017.11.16-03.36.39:261][  0]LogMemory: Virtual Memory: 621.03 MB used,  23691.45 MB free, 8388608.00 MB total
[2017.11.16-03.36.39:319][  0]LogInit: Overriding culture en with editor configuration.
[2017.11.16-03.36.39:798][  0]LogD3D11RHI: D3D11 adapters:
[2017.11.16-03.36.39:824][  0]LogD3D11RHI:    0. 'NVIDIA GeForce GTX 1070' (Feature Level 11_0)
[2017.11.16-03.36.39:824][  0]LogD3D11RHI:       8085/0/16096 MB DedicatedVideo/DedicatedSystem/SharedSystem, Outputs:2, VendorId:0x10de
[2017.11.16-03.36.39:824][  0]LogD3D11RHI: Chosen D3D11 Adapter: 0
[2017.11.16-03.36.39:834][  0]LogD3D11RHI: Creating new Direct3DDevice
[2017.11.16-03.36.39:834][  0]LogD3D11RHI:     GPU DeviceId: 0x1b81 (for the marketing name, search the web for "GPU Device Id")
[2017.11.16-03.36.39:834][  0]LogWindows: EnumDisplayDevices:
[2017.11.16-03.36.39:834][  0]LogWindows:    0. 'NVIDIA GeForce GTX 1070' (P:1 D:1)
[2017.11.16-03.36.39:835][  0]LogWindows:    1. 'NVIDIA GeForce GTX 1070' (P:0 D:1)
[2017.11.16-03.36.39:835][  0]LogWindows:    2. 'NVIDIA GeForce GTX 1070' (P:0 D:0)
[2017.11.16-03.36.39:835][  0]LogWindows:    3. 'NVIDIA GeForce GTX 1070' (P:0 D:0)
[2017.11.16-03.36.39:836][  0]LogWindows:    4. 'RDPDD Chained DD' (P:0 D:0)
[2017.11.16-03.36.39:836][  0]LogWindows:    5. 'RDP Encoder Mirror Driver' (P:0 D:0)
[2017.11.16-03.36.39:836][  0]LogWindows:    6. 'RDP Reflector Display Driver' (P:0 D:0)
[2017.11.16-03.36.39:836][  0]LogWindows: DebugString: GetVideoDriverDetailsInvalid PrimaryIsNotTheChoosenAdapter GetVideoDriverDetailsInvalid PrimaryIsNotTheChoosenAdapter GetVideoDriverDetailsInvalid PrimaryIsNotTheChoosenAdapter FoundDriverCount:4 
[2017.11.16-03.36.39:836][  0]LogD3D11RHI:     Adapter Name: NVIDIA GeForce GTX 1070
[2017.11.16-03.36.39:836][  0]LogD3D11RHI:   Driver Version: 387.92 (internal:23.21.13.8792, unified:387.92)
[2017.11.16-03.36.39:836][  0]LogD3D11RHI:      Driver Date: 10-6-2017
[2017.11.16-03.36.39:836][  0]LogRHI: Texture pool is 1361 MB (70% of 1945 MB)
[2017.11.16-03.36.39:846][  0]LogD3D11RHI: Async texture creation enabled
[2017.11.16-03.36.39:860][  0]LogD3D11RHI: GPU Timing Frequency: 1000.000000 (Debug: 2 2)
[2017.11.16-03.36.39:905][  0]LogShaderCompilers: Guid format shader working directory is 26 characters bigger than the processId version (../../../../../Effects/Water/Intermediate/Shaders/WorkingDirectory/2508/).
[2017.11.16-03.36.39:905][  0]LogShaderCompilers: Cleaned the shader compiler working directory 'C:/Users/Administrator/AppData/Local/Temp/UnrealShaderWorkingDir/1A17096047F3DA8B72C0D8B3066CD352/'.
[2017.11.16-03.36.39:905][  0]LogShaderCompilers:Display: Using Local Shader Compiler.
[2017.11.16-03.36.41:661][  0]LogTemp:Display: Loaded TP AllDesktopTargetPlatform
[2017.11.16-03.36.41:702][  0]LogTemp:Display: Loaded TP MacClientTargetPlatform
[2017.11.16-03.36.41:744][  0]LogTemp:Display: Loaded TP MacNoEditorTargetPlatform
[2017.11.16-03.36.41:785][  0]LogTemp:Display: Loaded TP MacServerTargetPlatform
[2017.11.16-03.36.41:823][  0]LogTemp:Display: Loaded TP MacTargetPlatform
[2017.11.16-03.36.41:864][  0]LogTemp:Display: Loaded TP WindowsClientTargetPlatform
[2017.11.16-03.36.41:904][  0]LogTemp:Display: Loaded TP WindowsNoEditorTargetPlatform
[2017.11.16-03.36.41:943][  0]LogTemp:Display: Loaded TP WindowsServerTargetPlatform
[2017.11.16-03.36.41:974][  0]LogTemp:Display: Loaded TP WindowsTargetPlatform
[2017.11.16-03.36.42:013][  0]LogTemp:Display: Loaded TP AndroidTargetPlatform
[2017.11.16-03.36.42:051][  0]LogTemp:Display: Loaded TP Android_ASTCTargetPlatform
[2017.11.16-03.36.42:090][  0]LogTemp:Display: Loaded TP Android_ATCTargetPlatform
[2017.11.16-03.36.42:128][  0]LogTemp:Display: Loaded TP Android_DXTTargetPlatform
[2017.11.16-03.36.42:166][  0]LogTemp:Display: Loaded TP Android_ETC1TargetPlatform
[2017.11.16-03.36.42:204][  0]LogTemp:Display: Loaded TP Android_ETC2TargetPlatform
[2017.11.16-03.36.42:281][  0]LogTemp:Display: Loaded TP Android_MultiTargetPlatform
[2017.11.16-03.36.42:281][  0]LogTemp:Display: Loaded TP Android_PVRTCTargetPlatform
[2017.11.16-03.36.42:307][  0]LogTemp:Display: Loaded TP HTML5TargetPlatform
[2017.11.16-03.36.42:377][  0]LogTemp:Display: Loaded TP IOSTargetPlatform
[2017.11.16-03.36.42:397][  0]LogTemp:Display: Loaded TP TVOSTargetPlatform
[2017.11.16-03.36.42:436][  0]LogTemp:Display: Loaded TP LinuxClientTargetPlatform
[2017.11.16-03.36.42:474][  0]LogTemp:Display: Loaded TP LinuxNoEditorTargetPlatform
[2017.11.16-03.36.42:512][  0]LogTemp:Display: Loaded TP LinuxServerTargetPlatform
[2017.11.16-03.36.42:552][  0]LogTemp:Display: Loaded TP LinuxTargetPlatform
[2017.11.16-03.36.42:552][  0]LogTargetPlatformManager:Display: Building Assets For Windows
[2017.11.16-03.36.42:787][  0]LogDerivedDataCache:Display: Max Cache Size: 512 MB
[2017.11.16-03.36.42:824][  0]LogDerivedDataCache: Loaded boot cache 0.04s 50MB C:/Users/Administrator/AppData/Local/UnrealEngine/4.15/DerivedDataCache/Boot.ddc.
[2017.11.16-03.36.42:824][  0]LogDerivedDataCache:Display: Loaded Boot cache: C:/Users/Administrator/AppData/Local/UnrealEngine/4.15/DerivedDataCache/Boot.ddc
[2017.11.16-03.36.42:825][  0]LogDerivedDataCache: FDerivedDataBackendGraph:  Pak pak cache file ../../../../../Effects/Water/DerivedDataCache/DDC.ddp not found, will not use a pak cache.
[2017.11.16-03.36.42:825][  0]LogDerivedDataCache: Unable to find inner node Pak for hierarchical cache Hierarchy.
[2017.11.16-03.36.42:825][  0]LogDerivedDataCache: FDerivedDataBackendGraph:  CompressedPak pak cache file ../../../../../Effects/Water/DerivedDataCache/Compressed.ddp not found, will not use a pak cache.
[2017.11.16-03.36.42:825][  0]LogDerivedDataCache: Unable to find inner node CompressedPak for hierarchical cache Hierarchy.
[2017.11.16-03.36.42:839][  0]LogDerivedDataCache:Display: Pak cache opened for reading ../../../Engine/DerivedDataCache/Compressed.ddp.
[2017.11.16-03.36.42:851][  0]LogDerivedDataCache: Using Local data cache path E:\DerivedDataCache: Writable
[2017.11.16-03.36.42:858][  0]LogSlate: Using Freetype 2.6.0
[2017.11.16-03.36.42:858][  0]LogSlate: SlateFontCache - WITH_FREETYPE: 1, WITH_HARFBUZZ: 1
[2017.11.16-03.36.42:858][  0]LogSlate: SlateFontCache - WITH_FREETYPE: 1, WITH_HARFBUZZ: 1
[2017.11.16-03.36.43:100][  0]LogInit: Selected Device Profile: [Windows]
[2017.11.16-03.36.43:103][  0]LogContentStreaming: Texture pool size is 0.00 MB
[2017.11.16-03.36.43:253][  0]LogMeshUtilities: Using QuadricMeshReduction for automatic static mesh reduction
[2017.11.16-03.36.43:283][  0]LogSimplygon: Simplygon DLL not present - disabling.
[2017.11.16-03.36.43:314][  0]LogMeshUtilities: Using SimplygonSwarm for distributed automatic mesh merging
[2017.11.16-03.36.43:314][  0]LogMeshUtilities: No automatic skeletal mesh reduction module available
[2017.11.16-03.36.43:314][  0]LogMeshUtilities: No automatic mesh merging module available
[2017.11.16-03.36.43:697][  0]LogNetVersion: GetLocalNetworkVersion: CL: 3299760, ProjectName: water, ProjectVersion: , EngineNetworkVersion: 2, GameNetworkVersion: 0, NetworkChecksum: 1117829465
[2017.11.16-03.36.43:730][  0]LogAssetRegistry: FAssetRegistry took 0.0203 seconds to start up
[2017.11.16-03.36.43:752][  0]LogPackageLocalizationCache: Processed 3 localized package path(s) for 1 prioritized culture(s) in 0.012212 seconds
[2017.11.16-03.36.43:755][  0]LogUObjectArray: 32494 objects as part of root set at end of initial load.
[2017.11.16-03.36.43:755][  0]LogUObjectAllocator: 7077248 out of 0 bytes used by permanent object pool.
[2017.11.16-03.36.43:755][  0]LogUObjectArray: CloseDisregardForGC: 0/0 objects in disregard for GC pool
[2017.11.16-03.36.43:782][  0]LogInit: WinSock: version 1.1 (2.2), MaxSocks=32767, MaxUdp=65467
[2017.11.16-03.36.44:937][  0]LogTcpMessaging: Initializing TcpMessaging bridge
[2017.11.16-03.36.44:975][  0]LogUdpMessaging: Initializing bridge on interface 0.0.0.0:0 to multicast group 230.0.0.1:6666.
[2017.11.16-03.36.45:306][  0]LogMaterial: Uniform references updated for custom material expression Custom.
[2017.11.16-03.36.45:574][  0]SourceControl: Info Source control is disabled
[2017.11.16-03.36.45:574][  0]SourceControl: Info Source control is disabled
[2017.11.16-03.36.45:604][  0]SourceControl: Info Source control is disabled
[2017.11.16-03.36.45:634][  0]SourceControl: Info Source control is disabled
[2017.11.16-03.36.45:815][  0]LogLinker:Warning: Can't find file '/Game/ThirdPersonBP/ThirdPersonOverview'
[2017.11.16-03.36.45:815][  0]LogLinker:Warning: Can't find file '/Game/ThirdPersonBP/ThirdPersonOverview'
[2017.11.16-03.36.45:815][  0]LogUObjectGlobals:Warning: Failed to find object 'Class /Game/ThirdPersonBP/ThirdPersonOverview.ThirdPersonOverview_C'
[2017.11.16-03.36.46:443][  0]LogEngine: Initializing Engine...
[2017.11.16-03.36.46:443][  0]LogHMD: Failed to initialize OpenVR with code 110
[2017.11.16-03.36.46:533][  0]LogStats: UGameplayTagsManager::ConstructGameplayTagTree: Construct from data asset -  0.000 s
[2017.11.16-03.36.46:533][  0]LogStats: UGameplayTagsManager::ConstructGameplayTagTree: GameplayTagTreeChangedEvent.Broadcast -  0.000 s
[2017.11.16-03.36.46:619][  0]LogAIModule: Creating AISystem for world Untitled
[2017.11.16-03.36.46:634][  0]LogInit: XAudio2 using '扬声器 (Realtek High Definition Audio)' : 2 channels at 48 kHz using 32 bits per sample (channel mask 0x3)
[2017.11.16-03.36.46:647][  0]LogInit: FAudioDevice initialized.
[2017.11.16-03.36.46:667][  0]LogDerivedDataCache: Saved boot cache 0.02s 50MB C:/Users/Administrator/AppData/Local/UnrealEngine/4.15/DerivedDataCache/Boot.ddc.
[2017.11.16-03.36.46:671][  0]LogInit: Texture streaming: Enabled
[2017.11.16-03.36.46:716][  0]LogEngineSessionManager: EngineSessionManager initialized
[2017.11.16-03.36.46:781][  0]LogInit: Transaction tracking system initialized
[2017.11.16-03.36.47:012][  0]BlueprintLog: New page: Editor Load
[2017.11.16-03.36.47:703][  0]LocalizationService: Info Localization service is disabled
[2017.11.16-03.36.48:160][  0]LogConsoleResponse:Display: 
[2017.11.16-03.36.48:247][  0]LogFileCache: Scanning file cache for directory 'E:/Effects/Water/Content/' took 0.01s
[2017.11.16-03.36.48:247][  0]LogCook:Display: Max memory allowance for cook 16384mb min free memory 0mb
[2017.11.16-03.36.48:247][  0]LogCook:Display: Mobile HDR setting 1
[2017.11.16-03.36.48:594][  0]LogLinker:Warning: Can't find file '/Game/DataSources/PropertiesData/Material/lIGHT'
[2017.11.16-03.36.48:594][  0]LogLinker:Warning: Can't find file for asset '/Game/DataSources/PropertiesData/Material/lIGHT' while loading ../../../Engine/Content/BasicShapes/Cone.uasset.
[2017.11.16-03.36.48:594][  0]LoadErrors:Error: Error /Engine/BasicShapes/Cone : Can't find file for asset. /Game/DataSources/PropertiesData/Material/lIGHT
[2017.11.16-03.36.48:594][  0]LogLinker:Warning: Can't find file '/Game/DataSources/PropertiesData/Material/lIGHT'
[2017.11.16-03.36.48:594][  0]LogLinker:Warning: Can't find file for asset '/Game/DataSources/PropertiesData/Material/lIGHT' while loading ../../../Engine/Content/BasicShapes/Cone.uasset.
[2017.11.16-03.36.48:594][  0]LoadErrors:Error: Error /Engine/BasicShapes/Cone : Can't find file for asset. /Game/DataSources/PropertiesData/Material/lIGHT
[2017.11.16-03.36.48:594][  0]LogLinker:Warning: Can't find file '/Game/DataSources/PropertiesData/Material/lIGHT'
[2017.11.16-03.36.48:594][  0]LoadErrors: Info Failed to load /Game/DataSources/PropertiesData/Material/lIGHT.Light Referenced by Cone
[2017.11.16-03.36.48:594][  0]LogLinker:Warning: Can't find file for asset '/Game/DataSources/PropertiesData/Material/lIGHT' while loading NULL.
[2017.11.16-03.36.48:594][  0]LoadErrors: Info Failed to load /Game/DataSources/PropertiesData/Material/lIGHT.Light Referenced by Cone
[2017.11.16-03.36.48:898][  0]SourceControl: Info Source control is disabled
[2017.11.16-03.36.48:898][  0]Cmd: MAP LOAD FILE="../../../Engine/Content/Maps/Templates/Template_Default.umap" TEMPLATE=1 SHOWPROGRESS=1 FEATURELEVEL=3
[2017.11.16-03.36.48:898][  0]LightingResults: New page: Lighting Build
[2017.11.16-03.36.48:926][  0]MapCheck: New page: Map Check
[2017.11.16-03.36.48:926][  0]LightingResults: New page: Lighting Build
[2017.11.16-03.36.49:073][  0]LogAIModule: Creating AISystem for world Untitled_1
[2017.11.16-03.36.49:087][  0]LogActorComponent: RegisterComponentWithWorld: (/Temp/Untitled_1.Untitled_1:PersistentLevel.WorldSettings_1.StaticMeshComponent0) Trying to register component with IsPendingKill() == true. Aborting.
[2017.11.16-03.36.49:090][  0]LogEditorServer: Finished looking for orphan Actors (0.000 secs)
[2017.11.16-03.36.49:092][  0]Cmd: MAP CHECKDEP NOCLEARLOG
[2017.11.16-03.36.49:125][  0]MapCheck: Info Map check complete: 0 Error(s), 0 Warning(s), took 33.017ms to complete.
[2017.11.16-03.36.49:125][  0]LogFileHelpers: Loading map 'Template_Default' took 0.227
[2017.11.16-03.36.49:262][  0]LogCollectionManager: Loaded 0 collections in 0.000785 seconds
[2017.11.16-03.36.49:328][  0]LogFileCache: Scanning file cache for directory 'E:/Effects/Water/Saved/Collections/' took 0.01s
[2017.11.16-03.36.49:328][  0]LogFileCache: Scanning file cache for directory 'E:/Effects/Water/Content/Developers/Administrator/Collections/' took 0.01s
[2017.11.16-03.36.49:328][  0]LogFileCache: Scanning file cache for directory 'E:/Effects/Water/Content/Collections/' took 0.01s
[2017.11.16-03.36.49:328][  0]LogCollectionManager: Rebuilt the GUID cache for 0 collections in 0.000001 seconds
[2017.11.16-03.36.49:334][  0]LogContentBrowser: Native class hierarchy populated in 0.0066 seconds. Added 2245 classes and 453 folders.
[2017.11.16-03.36.49:374][  0]LogContentBrowser: Native class hierarchy updated for 'WidgetCarousel' in 0.0004 seconds. Added 0 classes and 0 folders.
[2017.11.16-03.36.49:401][  0]LogContentBrowser: Native class hierarchy updated for 'AddContentDialog' in 0.0003 seconds. Added 0 classes and 0 folders.
[2017.11.16-03.36.49:432][  0]LogContentBrowser: Native class hierarchy updated for 'SceneOutliner' in 0.0004 seconds. Added 1 classes and 2 folders.
[2017.11.16-03.36.49:508][  0]LogCrashTracker: Crashtracker disabled due to settings.
[2017.11.16-03.36.49:514][  0]LogUObjectGlobals:Warning: Failed to find object 'Class None.'
[2017.11.16-03.36.49:599][  0]LogContentBrowser: Native class hierarchy updated for 'HierarchicalLODOutliner' in 0.0004 seconds. Added 1 classes and 2 folders.
[2017.11.16-03.36.49:599][  0]LogLoad: (Engine Initialization) Total time: 12.05 seconds
[2017.11.16-03.36.49:599][  0]LogLoad: (Engine Initialization) Total Blueprint compile time: 0.06 seconds
[2017.11.16-03.36.49:599][  0]LogExternalProfiler: Found external profiler: VSPerf
[2017.11.16-03.36.49:599][  0]LogExternalProfiler: Using external profiler: VSPerf
[2017.11.16-03.36.49:612][  0]LogOcInput: OculusInput pre-init called
[2017.11.16-03.36.49:623][  0]LogContentStreaming: Texture pool size now 1000 MB
[2017.11.16-03.36.49:638][  0]LogSlate: Took 0.000171 seconds to synchronously load lazily loaded font '../../../Engine/Content/Slate/Fonts/Roboto-Regular.ttf' (155K)
[2017.11.16-03.36.49:640][  0]LogSlate: Took 0.000133 seconds to synchronously load lazily loaded font '../../../Engine/Content/Slate/Fonts/Roboto-Bold.ttf' (160K)
[2017.11.16-03.36.49:644][  0]LogSlate: Took 0.000121 seconds to synchronously load lazily loaded font '../../../Engine/Content/Editor/Slate/Fonts/FontAwesome.ttf' (139K)
[2017.11.16-03.36.49:801][  0]LogRenderer: Reallocating scene render targets to support 1120x684 NumSamples 1 (Frame:2).
[2017.11.16-03.36.55:283][639]LogAssetRegistry: Asset discovery search completed in 11.5732 seconds
[2017.11.16-03.36.55:283][639]LogCollectionManager: Rebuilt the object cache for 0 collections in 0.000004 seconds (found 0 objects)
[2017.11.16-03.36.55:283][639]LogCollectionManager: Fixed up redirectors for 0 collections in 0.000021 seconds (updated 0 objects)
[2017.11.16-03.37.00:414][112]LogRenderer: Reallocating scene render targets to support 1120x712 NumSamples 1 (Frame:1102).
[2017.11.16-03.39.04:963][438]LogSlate: Took 0.000176 seconds to synchronously load lazily loaded font '../../../Engine/Content/Slate/Fonts/Roboto-Light.ttf' (159K)
[2017.11.16-03.39.24:395][234]LogSlate: Took 0.000161 seconds to synchronously load lazily loaded font '../../../Engine/Content/Slate/Fonts/Roboto-Light.ttf' (159K)
[2017.11.16-03.39.24:568][234]LogStaticMesh: Building static mesh Splash4...
[2017.11.16-03.39.24:997][234]LogStaticMesh: Built static mesh [0.45s] /Game/SplashFX/Meshes/Splash/Splash4.Splash4
[2017.11.16-03.39.25:198][234]LogTexture:Display: Building textures: T_Water_bump (BC5, 2048X2048) - 74 MB total VRAM
[2017.11.16-03.39.25:510][234]LogMaterial: Missing cached shader map for material M_WaterSplash, compiling. 
[2017.11.16-03.39.25:511][234]LogTemp:Display: Added material ShaderMap 0x0000000044B28800 with Material 0x00000000547F6F80 to ShaderMapsBeingCompiled
[2017.11.16-03.39.25:567][234]LogTemp:Display: Kicking off shader compilation for M_WaterSplash, GameThreadShaderMap 0x0000000044B28800
[2017.11.16-03.39.25:568][234]LogStaticMesh: Building static mesh Splash3...
[2017.11.16-03.39.25:819][234]LogStaticMesh: Built static mesh [0.25s] /Game/SplashFX/Meshes/Splash/Splash3.Splash3
[2017.11.16-03.39.25:828][234]LogStaticMesh: Building static mesh Splash2...
[2017.11.16-03.39.25:978][234]LogStaticMesh: Built static mesh [0.15s] /Game/SplashFX/Meshes/Splash/Splash2.Splash2
[2017.11.16-03.39.26:025][234]LogTexture:Display: Building textures: T_SkyLine (RGBA16F, 1750X875) - 74 MB total VRAM
[2017.11.16-03.39.35:338][234]LogMaterial: Missing cached shader map for material M_Rock, compiling. 
[2017.11.16-03.39.35:339][234]LogTemp:Display: Added material ShaderMap 0x000000004F2E2080 with Material 0x00000000545DE680 to ShaderMapsBeingCompiled
[2017.11.16-03.39.35:376][234]LogTemp:Display: Kicking off shader compilation for M_Rock, GameThreadShaderMap 0x000000004F2E2080
[2017.11.16-03.39.35:458][234]LogMaterial: Missing cached shader map for material M_Concrete_Tiles, compiling. 
[2017.11.16-03.39.35:459][234]LogTemp:Display: Added material ShaderMap 0x000000004F835280 with Material 0x00000000545F2380 to ShaderMapsBeingCompiled
[2017.11.16-03.39.35:508][234]LogTemp:Display: Kicking off shader compilation for M_Concrete_Tiles, GameThreadShaderMap 0x000000004F835280
[2017.11.16-03.39.35:509][234]LogSlate: Took 0.000295 seconds to synchronously load lazily loaded font '../../../Engine/Content/Slate/Fonts/Roboto-Regular.ttf' (155K)
[2017.11.16-03.39.35:518][234]LogMaterial: Missing cached shader map for material M_Water_Ocean, compiling. 
[2017.11.16-03.39.35:520][234]LogTemp:Display: Added material ShaderMap 0x0000000062591D00 with Material 0x000000005461A500 to ShaderMapsBeingCompiled
[2017.11.16-03.39.35:543][234]LogTemp:Display: Kicking off shader compilation for M_Water_Ocean, GameThreadShaderMap 0x0000000062591D00
[2017.11.16-03.39.35:552][234]LogTexture:Display: Building textures: HQ_Lightmap0_1 (AutoDXT, 1024X1024) - 93 MB total VRAM
[2017.11.16-03.39.35:621][234]LogTexture:Display: Building textures: HQ_Lightmap0_2 (AutoDXT, 512X512) - 93 MB total VRAM
[2017.11.16-03.39.35:726][234]LogTexture:Display: Building textures: HQ_Lightmap0_3 (AutoDXT, 64X64) - 93 MB total VRAM
[2017.11.16-03.39.35:736][234]LogTexture:Display: Building textures: LQ_Lightmap_0_1 (DXT1, 1024X1024) - 93 MB total VRAM
[2017.11.16-03.39.35:783][234]LogTexture:Display: Building textures: LQ_Lightmap_0_2 (DXT1, 512X512) - 93 MB total VRAM
[2017.11.16-03.39.35:856][234]LogTexture:Display: Building textures: LQ_Lightmap_0_3 (DXT1, 64X64) - 93 MB total VRAM
[2017.11.16-03.39.35:864][234]LogTexture:Display: Building textures: SkyOcclusion0_1 (AutoDXT, 1024X512) - 93 MB total VRAM
[2017.11.16-03.39.35:898][234]LogTexture:Display: Building textures: SkyOcclusion0_2 (AutoDXT, 512X256) - 93 MB total VRAM
[2017.11.16-03.39.35:946][234]LogTexture:Display: Building textures: SkyOcclusion0_3 (AutoDXT, 64X32) - 93 MB total VRAM
[2017.11.16-03.39.35:949][234]LogTexture:Display: Building textures: ShadowMapTexture2D_0 (G8, 128X512) - 93 MB total VRAM
[2017.11.16-03.39.35:951][234]LogTexture:Display: Building textures: ShadowMapTexture2D_1 (G8, 1024X128) - 93 MB total VRAM
[2017.11.16-03.39.35:956][234]LogTexture:Display: Building textures: ShadowMapTexture2D_2 (G8, 32X32) - 93 MB total VRAM
[2017.11.16-03.39.36:020][234]LogStaticMesh: Building static mesh Splash1...
[2017.11.16-03.39.36:040][234]LogMeshUtilities: Invalid vertex normals found for mesh. Forcing recomputation of vertex normals for MikkTSpace. Fix mesh or disable "Use MikkTSpace Tangent Space" to avoid forced recomputation of normals.
[2017.11.16-03.39.36:091][234]LogStaticMesh: Built static mesh [0.07s] /Game/SplashFX/Meshes/Splash/Splash1.Splash1
[2017.11.16-03.39.36:100][234]LogMaterial: Missing cached shader map for material M_MudSplash, compiling. 
[2017.11.16-03.39.36:101][234]LogTemp:Display: Added material ShaderMap 0x0000000066BAE400 with Material 0x000000005480A800 to ShaderMapsBeingCompiled
[2017.11.16-03.39.36:133][234]LogTemp:Display: Kicking off shader compilation for M_MudSplash, GameThreadShaderMap 0x0000000066BAE400
[2017.11.16-03.39.36:137][234]LogMaterial: Missing cached shader map for material M_Concrete, compiling. 
[2017.11.16-03.39.36:138][234]LogTemp:Display: Added material ShaderMap 0x0000000067F8EE80 with Material 0x000000005484AC80 to ShaderMapsBeingCompiled
[2017.11.16-03.39.36:184][234]LogTemp:Display: Kicking off shader compilation for M_Concrete, GameThreadShaderMap 0x0000000067F8EE80
[2017.11.16-03.39.36:185][234]LogAnimationCompression: Building Anim DDC data for AnimSequence /Game/SplashFX/Meshes/Shatter/Shatter_Anim.Shatter_Anim
[2017.11.16-03.39.36:205][234]LogAnimationCompression: Building Anim DDC data for AnimSequence /Game/SplashFX/Meshes/Shatter/Shatter_05_Anim.Shatter_05_Anim
[2017.11.16-03.39.36:205][234]LogAnimationCompression: Building Anim DDC data for AnimSequence /Game/SplashFX/Meshes/Shatter/Shatter_04_Anim.Shatter_04_Anim
[2017.11.16-03.39.36:206][234]LogAnimationCompression: Building Anim DDC data for AnimSequence /Game/SplashFX/Meshes/Shatter/Shatter_03_Anim.Shatter_03_Anim
[2017.11.16-03.39.36:208][234]LogAnimationCompression: Building Anim DDC data for AnimSequence /Game/SplashFX/Meshes/Shatter/Shatter_02_Anim.Shatter_02_Anim
[2017.11.16-03.39.36:209][234]LogAnimationCompression: Building Anim DDC data for AnimSequence /Game/SplashFX/Meshes/Explosion_Small/explosion_S_05_Anim.explosion_S_05_Anim
[2017.11.16-03.39.36:211][234]LogAnimationCompression: Building Anim DDC data for AnimSequence /Game/SplashFX/Meshes/Explosion_Small/explosion_S_04_Anim.explosion_S_04_Anim
[2017.11.16-03.39.36:216][234]LogAnimationCompression: Building Anim DDC data for AnimSequence /Game/SplashFX/Meshes/Explosion_Small/explosion_S_03_Anim.explosion_S_03_Anim
[2017.11.16-03.39.36:217][234]LogAnimationCompression: Building Anim DDC data for AnimSequence /Game/SplashFX/Meshes/Explosion_Small/explosion_S_02_Anim.explosion_S_02_Anim
[2017.11.16-03.39.36:219][234]LogAnimationCompression: Building Anim DDC data for AnimSequence /Game/SplashFX/Meshes/Explosion_Small/explosion_S_01_Anim.explosion_S_01_Anim
[2017.11.16-03.39.36:239][234]LogAnimationCompression: Building Anim DDC data for AnimSequence /Game/SplashFX/Meshes/Explosion_Large/explosion_06_Anim.explosion_06_Anim
[2017.11.16-03.39.36:258][234]LogAnimationCompression: Building Anim DDC data for AnimSequence /Game/SplashFX/Meshes/Explosion_Large/explosion_05_Anim.explosion_05_Anim
[2017.11.16-03.39.36:262][234]LogAnimationCompression: Building Anim DDC data for AnimSequence /Game/SplashFX/Meshes/Explosion_Large/explosion_04_Anim.explosion_04_Anim
[2017.11.16-03.39.36:263][234]LogAnimationCompression: Building Anim DDC data for AnimSequence /Game/SplashFX/Meshes/Explosion_Large/explosion_03_Anim.explosion_03_Anim
[2017.11.16-03.39.36:265][234]LogAnimationCompression: Building Anim DDC data for AnimSequence /Game/SplashFX/Meshes/Explosion_Large/explosion_02_Anim.explosion_02_Anim
[2017.11.16-03.39.36:314][234]LogAnimationCompression: Building Anim DDC data for AnimSequence /Game/SplashFX/Meshes/Explosion_Large/explosion_01_Anim.explosion_01_Anim
[2017.11.16-03.39.36:416][234]LogAIModule: Creating AISystem for world Demo_Level
[2017.11.16-03.39.36:479][234]LogBlueprintUserMessages: [ParticleChooser_334] [DISABLE THIS IN CONSTRUCTION SCRIPT] PLEASE SELECT ONLY ONE MESH AT A TIME!!!
[2017.11.16-03.39.36:480][234]LogBlueprintUserMessages: [ParticleChooser2_130] [DISABLE THIS IN CONSTRUCTION SCRIPT] PLEASE SELECT ONLY ONE MESH AT A TIME!!!
[2017.11.16-03.39.36:481][234]LogBlueprintUserMessages: [ParticleChooser3] [DISABLE THIS IN CONSTRUCTION SCRIPT] PLEASE SELECT ONLY ONE MESH AT A TIME!!!
[2017.11.16-03.39.36:502][234]Cmd: MAP LOAD FILE="../../../../../Effects/Water/Content/SplashFX/Maps/Demo_Level.umap" TEMPLATE=0 SHOWPROGRESS=1 FEATURELEVEL=3
[2017.11.16-03.39.36:503][234]LightingResults: New page: Lighting Build
[2017.11.16-03.39.36:504][234]LoadErrors: New page: Loading map: Demo_Level.umap
[2017.11.16-03.39.36:505][234]MapCheck: New page: Map Check
[2017.11.16-03.39.36:505][234]LightingResults: New page: Lighting Build
[2017.11.16-03.39.36:520][234]LogBlueprintUserMessages: [ParticleChooser_334] [DISABLE THIS IN CONSTRUCTION SCRIPT] PLEASE SELECT ONLY ONE MESH AT A TIME!!!
[2017.11.16-03.39.36:521][234]LogBlueprintUserMessages: [ParticleChooser2_130] [DISABLE THIS IN CONSTRUCTION SCRIPT] PLEASE SELECT ONLY ONE MESH AT A TIME!!!
[2017.11.16-03.39.36:521][234]LogBlueprintUserMessages: [ParticleChooser3] [DISABLE THIS IN CONSTRUCTION SCRIPT] PLEASE SELECT ONLY ONE MESH AT A TIME!!!
[2017.11.16-03.39.36:606][234]LogEditorServer: Finished looking for orphan Actors (0.000 secs)
[2017.11.16-03.39.36:614][234]Cmd: MAP CHECKDEP NOCLEARLOG
[2017.11.16-03.39.36:676][234]MapCheck: Info Map check complete: 0 Error(s), 0 Warning(s), took 61.49ms to complete.
[2017.11.16-03.39.36:676][234]LogFileHelpers: Loading map 'Demo_Level' took 0.175
[2017.11.16-03.39.42:656][853]LogTemp:Display: Finished compile of shader map 0x000000004F2E2080
[2017.11.16-03.39.42:656][853]LogTemp:Display: Shader map M_Rock complete, GameThreadShaderMap 0x000000004F2E2080, marking material M_Rock as finished
[2017.11.16-03.39.42:656][853]LogTemp:Display: Marking material as finished 0x00000000545DE680
[2017.11.16-03.39.42:739][858]LogTemp:Display: Finished compile of shader map 0x0000000044B28800
[2017.11.16-03.39.42:739][858]LogTemp:Display: Shader map M_WaterSplash complete, GameThreadShaderMap 0x0000000044B28800, marking material M_WaterSplash as finished
[2017.11.16-03.39.42:739][858]LogTemp:Display: Marking material as finished 0x00000000547F6F80
[2017.11.16-03.39.46:466][269]LogTemp:Display: Finished compile of shader map 0x000000004F835280
[2017.11.16-03.39.46:466][269]LogTemp:Display: Shader map M_Concrete_Tiles complete, GameThreadShaderMap 0x000000004F835280, marking material M_Concrete_Tiles as finished
[2017.11.16-03.39.46:466][269]LogTemp:Display: Marking material as finished 0x00000000545F2380
[2017.11.16-03.39.47:502][383]LogTemp:Display: Finished compile of shader map 0x0000000062591D00
[2017.11.16-03.39.47:502][383]LogTemp:Display: Shader map M_Water_Ocean complete, GameThreadShaderMap 0x0000000062591D00, marking material M_Water_Ocean as finished
[2017.11.16-03.39.47:502][383]LogTemp:Display: Marking material as finished 0x000000005461A500
[2017.11.16-03.39.49:484][611]LogTemp:Display: Finished compile of shader map 0x0000000066BAE400
[2017.11.16-03.39.49:484][611]LogTemp:Display: Shader map M_MudSplash complete, GameThreadShaderMap 0x0000000066BAE400, marking material M_MudSplash as finished
[2017.11.16-03.39.49:484][611]LogTemp:Display: Marking material as finished 0x000000005480A800
[2017.11.16-03.39.52:487][958]LogTemp:Display: Finished compile of shader map 0x0000000067F8EE80
[2017.11.16-03.39.52:487][958]LogTemp:Display: Shader map M_Concrete complete, GameThreadShaderMap 0x0000000067F8EE80, marking material M_Concrete as finished
[2017.11.16-03.39.52:487][958]LogTemp:Display: Marking material as finished 0x000000005484AC80
[2017.11.16-03.39.59:439][782]LogEditorViewport: Clicking on Actor (LMB): Emitter (P_MudSplash)
[2017.11.16-03.40.06:708][574]LogEditorViewport: Clicking on Actor (LMB): Emitter (P_WaterSplash)
[2017.11.16-03.40.16:917][759]LogEditorViewport: Clicking on Actor (LMB): Emitter (P_WaterSplash)
[2017.11.16-03.40.19:392][ 36]LogContentBrowser: Native class hierarchy updated for 'Cascade' in 0.0008 seconds. Added 2 classes and 2 folders.
[2017.11.16-03.40.28:560][817]LogRenderer: Reallocating scene render targets to support 1432x924 NumSamples 1 (Frame:10564).
[2017.11.16-03.40.57:723][699]LogEditorViewport: Clicking on Actor (LMB): StaticMeshActor (Shape_Plane)
[2017.11.16-03.41.30:473][167]LogEditorViewport: Clicking on Actor (LMB): Emitter (P_MudSplash)
[2017.11.16-03.41.38:478][730]LogEditorViewport: Clicking on Actor (LMB): Emitter (P_MudSplash)
[2017.11.16-03.42.56:170][455]LogTexture:Display: Building textures: HQ_Lightmap1_1 (AutoDXT, 256X256) - 193 MB total VRAM
[2017.11.16-03.42.56:172][455]LogTexture:Display: Building textures: HQ_Lightmap1_2 (AutoDXT, 64X64) - 193 MB total VRAM
[2017.11.16-03.42.56:173][455]LogTexture:Display: Building textures: LQ_Lightmap_1_1 (DXT1, 256X256) - 193 MB total VRAM
[2017.11.16-03.42.56:175][455]LogTexture:Display: Building textures: LQ_Lightmap_1_2 (DXT1, 64X64) - 193 MB total VRAM
[2017.11.16-03.42.56:178][455]LogTexture:Display: Building textures: SkyOcclusion1_1 (AutoDXT, 256X128) - 193 MB total VRAM
[2017.11.16-03.42.56:180][455]LogTexture:Display: Building textures: SkyOcclusion1_2 (AutoDXT, 64X32) - 193 MB total VRAM
[2017.11.16-03.42.56:182][455]LogTexture:Display: Building textures: ShadowMapTexture2D_2 (G8, 32X128) - 193 MB total VRAM
[2017.11.16-03.42.56:182][455]LogTexture:Display: Building textures: ShadowMapTexture2D_3 (G8, 32X32) - 193 MB total VRAM
[2017.11.16-03.42.56:183][455]LogAIModule: Creating AISystem for world Overview_SplashFX
[2017.11.16-03.42.57:519][455]Cmd: MAP LOAD FILE="../../../../../Effects/Water/Content/SplashFX/Maps/Overview_SplashFX.umap" TEMPLATE=0 SHOWPROGRESS=1 FEATURELEVEL=3
[2017.11.16-03.42.57:520][455]LightingResults: New page: Lighting Build
[2017.11.16-03.42.57:522][455]LoadErrors: New page: Loading map: Overview_SplashFX.umap
[2017.11.16-03.42.57:523][455]MapCheck: New page: Map Check
[2017.11.16-03.42.57:523][455]LightingResults: New page: Lighting Build
[2017.11.16-03.42.57:590][455]LogEditorServer: Finished looking for orphan Actors (0.000 secs)
[2017.11.16-03.42.57:602][455]Cmd: MAP CHECKDEP NOCLEARLOG
[2017.11.16-03.42.57:646][455]MapCheck: Info Map check complete: 0 Error(s), 0 Warning(s), took 43.739ms to complete.
[2017.11.16-03.42.57:646][455]LogFileHelpers: Loading map 'Overview_SplashFX' took 0.127
[2017.11.16-03.43.11:937][573]LogEditorViewport: Clicking on Actor (LMB): Emitter (P_WaterSplash)
[2017.11.16-03.43.24:514][479]LogContentBrowser: Native class hierarchy updated for 'BlueprintGraph' in 0.0007 seconds. Added 112 classes and 0 folders.
[2017.11.16-03.43.25:076][479]LogSlate: Took 0.000215 seconds to synchronously load lazily loaded font '../../../Engine/Content/Editor/Slate/Fonts/Roboto-BoldCondensed.ttf' (158K)
[2017.11.16-03.43.26:800][598]LogSlate: Took 0.000200 seconds to synchronously load lazily loaded font '../../../Engine/Content/Editor/Slate/Fonts/Roboto-Italic.ttf' (157K)
[2017.11.16-03.43.33:091][ 65]LogAIModule: Creating AISystem for world Demo_Level
[2017.11.16-03.43.33:093][ 65]LogBlueprintUserMessages: [ParticleChooser_334] [DISABLE THIS IN CONSTRUCTION SCRIPT] PLEASE SELECT ONLY ONE MESH AT A TIME!!!
[2017.11.16-03.43.33:094][ 65]LogBlueprintUserMessages: [ParticleChooser2_130] [DISABLE THIS IN CONSTRUCTION SCRIPT] PLEASE SELECT ONLY ONE MESH AT A TIME!!!
[2017.11.16-03.43.33:095][ 65]LogBlueprintUserMessages: [ParticleChooser3] [DISABLE THIS IN CONSTRUCTION SCRIPT] PLEASE SELECT ONLY ONE MESH AT A TIME!!!
[2017.11.16-03.43.33:114][ 65]Cmd: MAP LOAD FILE="../../../../../Effects/Water/Content/SplashFX/Maps/Demo_Level.umap" TEMPLATE=0 SHOWPROGRESS=1 FEATURELEVEL=3
[2017.11.16-03.43.33:114][ 65]LightingResults: New page: Lighting Build
[2017.11.16-03.43.33:115][ 65]LoadErrors: New page: Loading map: Demo_Level.umap
[2017.11.16-03.43.33:116][ 65]MapCheck: New page: Map Check
[2017.11.16-03.43.33:116][ 65]LightingResults: New page: Lighting Build
[2017.11.16-03.43.33:131][ 65]LogBlueprintUserMessages: [ParticleChooser_334] [DISABLE THIS IN CONSTRUCTION SCRIPT] PLEASE SELECT ONLY ONE MESH AT A TIME!!!
[2017.11.16-03.43.33:131][ 65]LogBlueprintUserMessages: [ParticleChooser2_130] [DISABLE THIS IN CONSTRUCTION SCRIPT] PLEASE SELECT ONLY ONE MESH AT A TIME!!!
[2017.11.16-03.43.33:132][ 65]LogBlueprintUserMessages: [ParticleChooser3] [DISABLE THIS IN CONSTRUCTION SCRIPT] PLEASE SELECT ONLY ONE MESH AT A TIME!!!
[2017.11.16-03.43.33:240][ 65]LogEditorServer: Finished looking for orphan Actors (0.000 secs)
[2017.11.16-03.43.33:246][ 65]Cmd: MAP CHECKDEP NOCLEARLOG
[2017.11.16-03.43.33:293][ 65]MapCheck: Info Map check complete: 0 Error(s), 0 Warning(s), took 47.41ms to complete.
[2017.11.16-03.43.33:293][ 65]LogFileHelpers: Loading map 'Demo_Level' took 0.180
[2017.11.16-03.43.37:407][377]LogTemp: Repeting last play command: Selected Viewport
[2017.11.16-03.43.37:421][377]LogBlueprintUserMessages: Early PlayInEditor Detection: Level '/Game/SplashFX/Maps/Demo_Level.Demo_Level:PersistentLevel' has LevelScriptBlueprint '/Game/SplashFX/Maps/Demo_Level.Demo_Level:PersistentLevel.Demo_Level' with GeneratedClass '/Game/SplashFX/Maps/Demo_Level.Demo_Level_C' with ClassGeneratedBy '/Game/SplashFX/Maps/Demo_Level.Demo_Level:PersistentLevel.Demo_Level'
[2017.11.16-03.43.37:421][377]LogPlayLevel: PlayLevel: No blueprints needed recompiling
[2017.11.16-03.43.37:421][377]PIE: New page: PIE session: Demo_Level (Nov 16, 2017, 7:43:37 PM)
[2017.11.16-03.43.37:421][377]LogPlayLevel: Creating play world package: /Game/SplashFX/Maps/UEDPIE_0_Demo_Level
[2017.11.16-03.43.37:455][377]LogPlayLevel: PIE: StaticDuplicateObject took: (0.033953s)
[2017.11.16-03.43.37:456][377]LogAIModule: Creating AISystem for world Demo_Level
[2017.11.16-03.43.37:456][377]LogPlayLevel: PIE: World Init took: (0.000507s)
[2017.11.16-03.43.37:456][377]LogPlayLevel: PIE: Created PIE world by copying editor world from /Game/SplashFX/Maps/Demo_Level.Demo_Level to /Game/SplashFX/Maps/UEDPIE_0_Demo_Level.Demo_Level (0.034662s)
[2017.11.16-03.43.37:471][377]LogInit: XAudio2 using '扬声器 (Realtek High Definition Audio)' : 2 channels at 48 kHz using 32 bits per sample (channel mask 0x3)
[2017.11.16-03.43.37:484][377]LogInit: FAudioDevice initialized.
[2017.11.16-03.43.37:522][377]LogLoad: Game class is 'GameModeBase'
[2017.11.16-03.43.37:524][377]LogWorld: Bringing World /Game/SplashFX/Maps/UEDPIE_0_Demo_Level.Demo_Level up for play (max tick rate 0) at 2017.11.16-11.43.37
[2017.11.16-03.43.37:524][377]LogWorld: Bringing up level for play took: 0.001245
[2017.11.16-03.43.37:554][377]LogContentBrowser: Native class hierarchy updated for 'MovieSceneCapture' in 0.0004 seconds. Added 11 classes and 0 folders.
[2017.11.16-03.43.37:555][377]PIE: Info Play in editor start time for /Game/SplashFX/Maps/UEDPIE_0_Demo_Level 0.03
[2017.11.16-03.43.37:556][377]LogBlueprintUserMessages: Late PlayInEditor Detection: Level '/Game/SplashFX/Maps/Demo_Level.Demo_Level:PersistentLevel' has LevelScriptBlueprint '/Game/SplashFX/Maps/Demo_Level.Demo_Level:PersistentLevel.Demo_Level' with GeneratedClass '/Game/SplashFX/Maps/Demo_Level.Demo_Level_C' with ClassGeneratedBy '/Game/SplashFX/Maps/Demo_Level.Demo_Level:PersistentLevel.Demo_Level'
[2017.11.16-03.43.50:268][488]LogBlueprintUserMessages: Early EndPlayMap Detection: Level '/Game/SplashFX/Maps/Demo_Level.Demo_Level:PersistentLevel' has LevelScriptBlueprint '/Game/SplashFX/Maps/Demo_Level.Demo_Level:PersistentLevel.Demo_Level' with GeneratedClass '/Game/SplashFX/Maps/Demo_Level.Demo_Level_C' with ClassGeneratedBy '/Game/SplashFX/Maps/Demo_Level.Demo_Level:PersistentLevel.Demo_Level'
[2017.11.16-03.43.50:308][488]LogBlueprintUserMessages: Late EndPlayMap Detection: Level '/Game/SplashFX/Maps/Demo_Level.Demo_Level:PersistentLevel' has LevelScriptBlueprint '/Game/SplashFX/Maps/Demo_Level.Demo_Level:PersistentLevel.Demo_Level' with GeneratedClass '/Game/SplashFX/Maps/Demo_Level.Demo_Level_C' with ClassGeneratedBy '/Game/SplashFX/Maps/Demo_Level.Demo_Level:PersistentLevel.Demo_Level'
[2017.11.16-03.43.51:493][567]LogEditorViewport: Clicking on Actor (LMB): ParticleChooser_C (ParticleChooser3)
[2017.11.16-03.44.05:777][555]LogBlueprintUserMessages: [ParticleChooser3] [DISABLE THIS IN CONSTRUCTION SCRIPT] PLEASE SELECT ONLY ONE MESH AT A TIME!!!
[2017.11.16-03.44.07:086][634]LogBlueprintUserMessages: [ParticleChooser3] [DISABLE THIS IN CONSTRUCTION SCRIPT] PLEASE SELECT ONLY ONE MESH AT A TIME!!!
[2017.11.16-03.44.08:395][713]LogTemp: Repeting last play command: Selected Viewport
[2017.11.16-03.44.08:401][713]LogBlueprintUserMessages: Early PlayInEditor Detection: Level '/Game/SplashFX/Maps/Demo_Level.Demo_Level:PersistentLevel' has LevelScriptBlueprint '/Game/SplashFX/Maps/Demo_Level.Demo_Level:PersistentLevel.Demo_Level' with GeneratedClass '/Game/SplashFX/Maps/Demo_Level.Demo_Level_C' with ClassGeneratedBy '/Game/SplashFX/Maps/Demo_Level.Demo_Level:PersistentLevel.Demo_Level'
[2017.11.16-03.44.08:401][713]LogPlayLevel: PlayLevel: No blueprints needed recompiling
[2017.11.16-03.44.08:401][713]PIE: New page: PIE session: Demo_Level (Nov 16, 2017, 7:44:08 PM)
[2017.11.16-03.44.08:401][713]LogPlayLevel: Creating play world package: /Game/SplashFX/Maps/UEDPIE_0_Demo_Level
[2017.11.16-03.44.08:406][713]LogPlayLevel: PIE: StaticDuplicateObject took: (0.005314s)
[2017.11.16-03.44.08:406][713]LogAIModule: Creating AISystem for world Demo_Level
[2017.11.16-03.44.08:407][713]LogPlayLevel: PIE: World Init took: (0.000471s)
[2017.11.16-03.44.08:407][713]LogPlayLevel: PIE: Created PIE world by copying editor world from /Game/SplashFX/Maps/Demo_Level.Demo_Level to /Game/SplashFX/Maps/UEDPIE_0_Demo_Level.Demo_Level (0.005967s)
[2017.11.16-03.44.08:423][713]LogInit: XAudio2 using '扬声器 (Realtek High Definition Audio)' : 2 channels at 48 kHz using 32 bits per sample (channel mask 0x3)
[2017.11.16-03.44.08:434][713]LogInit: FAudioDevice initialized.
[2017.11.16-03.44.08:461][713]LogLoad: Game class is 'GameModeBase'
[2017.11.16-03.44.08:463][713]LogWorld: Bringing World /Game/SplashFX/Maps/UEDPIE_0_Demo_Level.Demo_Level up for play (max tick rate 0) at 2017.11.16-11.44.08
[2017.11.16-03.44.08:463][713]LogWorld: Bringing up level for play took: 0.001261
[2017.11.16-03.44.08:464][713]PIE: Info Play in editor start time for /Game/SplashFX/Maps/UEDPIE_0_Demo_Level 0.938
[2017.11.16-03.44.08:464][713]LogBlueprintUserMessages: Late PlayInEditor Detection: Level '/Game/SplashFX/Maps/Demo_Level.Demo_Level:PersistentLevel' has LevelScriptBlueprint '/Game/SplashFX/Maps/Demo_Level.Demo_Level:PersistentLevel.Demo_Level' with GeneratedClass '/Game/SplashFX/Maps/Demo_Level.Demo_Level_C' with ClassGeneratedBy '/Game/SplashFX/Maps/Demo_Level.Demo_Level:PersistentLevel.Demo_Level'
[2017.11.16-03.44.13:157][245]LogBlueprintUserMessages: Early EndPlayMap Detection: Level '/Game/SplashFX/Maps/Demo_Level.Demo_Level:PersistentLevel' has LevelScriptBlueprint '/Game/SplashFX/Maps/Demo_Level.Demo_Level:PersistentLevel.Demo_Level' with GeneratedClass '/Game/SplashFX/Maps/Demo_Level.Demo_Level_C' with ClassGeneratedBy '/Game/SplashFX/Maps/Demo_Level.Demo_Level:PersistentLevel.Demo_Level'
[2017.11.16-03.44.13:200][245]LogBlueprintUserMessages: Late EndPlayMap Detection: Level '/Game/SplashFX/Maps/Demo_Level.Demo_Level:PersistentLevel' has LevelScriptBlueprint '/Game/SplashFX/Maps/Demo_Level.Demo_Level:PersistentLevel.Demo_Level' with GeneratedClass '/Game/SplashFX/Maps/Demo_Level.Demo_Level_C' with ClassGeneratedBy '/Game/SplashFX/Maps/Demo_Level.Demo_Level:PersistentLevel.Demo_Level'
[2017.11.16-03.44.19:691][694]LogTemp: Repeting last play command: Selected Viewport
[2017.11.16-03.44.19:696][694]LogBlueprintUserMessages: Early PlayInEditor Detection: Level '/Game/SplashFX/Maps/Demo_Level.Demo_Level:PersistentLevel' has LevelScriptBlueprint '/Game/SplashFX/Maps/Demo_Level.Demo_Level:PersistentLevel.Demo_Level' with GeneratedClass '/Game/SplashFX/Maps/Demo_Level.Demo_Level_C' with ClassGeneratedBy '/Game/SplashFX/Maps/Demo_Level.Demo_Level:PersistentLevel.Demo_Level'
[2017.11.16-03.44.19:696][694]LogPlayLevel: PlayLevel: No blueprints needed recompiling
[2017.11.16-03.44.19:696][694]PIE: New page: PIE session: Demo_Level (Nov 16, 2017, 7:44:19 PM)
[2017.11.16-03.44.19:696][694]LogPlayLevel: Creating play world package: /Game/SplashFX/Maps/UEDPIE_0_Demo_Level
[2017.11.16-03.44.19:701][694]LogPlayLevel: PIE: StaticDuplicateObject took: (0.005173s)
[2017.11.16-03.44.19:702][694]LogAIModule: Creating AISystem for world Demo_Level
[2017.11.16-03.44.19:702][694]LogPlayLevel: PIE: World Init took: (0.000481s)
[2017.11.16-03.44.19:702][694]LogPlayLevel: PIE: Created PIE world by copying editor world from /Game/SplashFX/Maps/Demo_Level.Demo_Level to /Game/SplashFX/Maps/UEDPIE_0_Demo_Level.Demo_Level (0.005833s)
[2017.11.16-03.44.19:717][694]LogInit: XAudio2 using '扬声器 (Realtek High Definition Audio)' : 2 channels at 48 kHz using 32 bits per sample (channel mask 0x3)
[2017.11.16-03.44.19:729][694]LogInit: FAudioDevice initialized.
[2017.11.16-03.44.19:753][694]LogLoad: Game class is 'GameModeBase'
[2017.11.16-03.44.19:755][694]LogWorld: Bringing World /Game/SplashFX/Maps/UEDPIE_0_Demo_Level.Demo_Level up for play (max tick rate 0) at 2017.11.16-11.44.19
[2017.11.16-03.44.19:756][694]LogWorld: Bringing up level for play took: 0.001229
[2017.11.16-03.44.19:756][694]PIE: Info Play in editor start time for /Game/SplashFX/Maps/UEDPIE_0_Demo_Level 0.23
[2017.11.16-03.44.19:757][694]LogBlueprintUserMessages: Late PlayInEditor Detection: Level '/Game/SplashFX/Maps/Demo_Level.Demo_Level:PersistentLevel' has LevelScriptBlueprint '/Game/SplashFX/Maps/Demo_Level.Demo_Level:PersistentLevel.Demo_Level' with GeneratedClass '/Game/SplashFX/Maps/Demo_Level.Demo_Level_C' with ClassGeneratedBy '/Game/SplashFX/Maps/Demo_Level.Demo_Level:PersistentLevel.Demo_Level'
[2017.11.16-03.44.22:947][980]LogBlueprintUserMessages: Early EndPlayMap Detection: Level '/Game/SplashFX/Maps/Demo_Level.Demo_Level:PersistentLevel' has LevelScriptBlueprint '/Game/SplashFX/Maps/Demo_Level.Demo_Level:PersistentLevel.Demo_Level' with GeneratedClass '/Game/SplashFX/Maps/Demo_Level.Demo_Level_C' with ClassGeneratedBy '/Game/SplashFX/Maps/Demo_Level.Demo_Level:PersistentLevel.Demo_Level'
[2017.11.16-03.44.22:994][980]LogBlueprintUserMessages: Late EndPlayMap Detection: Level '/Game/SplashFX/Maps/Demo_Level.Demo_Level:PersistentLevel' has LevelScriptBlueprint '/Game/SplashFX/Maps/Demo_Level.Demo_Level:PersistentLevel.Demo_Level' with GeneratedClass '/Game/SplashFX/Maps/Demo_Level.Demo_Level_C' with ClassGeneratedBy '/Game/SplashFX/Maps/Demo_Level.Demo_Level:PersistentLevel.Demo_Level'
[2017.11.16-03.45.01:730][889]LogTemp: Repeting last play command: Selected Viewport
[2017.11.16-03.45.01:734][889]LogBlueprintUserMessages: Early PlayInEditor Detection: Level '/Game/SplashFX/Maps/Demo_Level.Demo_Level:PersistentLevel' has LevelScriptBlueprint '/Game/SplashFX/Maps/Demo_Level.Demo_Level:PersistentLevel.Demo_Level' with GeneratedClass '/Game/SplashFX/Maps/Demo_Level.Demo_Level_C' with ClassGeneratedBy '/Game/SplashFX/Maps/Demo_Level.Demo_Level:PersistentLevel.Demo_Level'
[2017.11.16-03.45.01:734][889]LogPlayLevel: PlayLevel: No blueprints needed recompiling
[2017.11.16-03.45.01:735][889]PIE: New page: PIE session: Demo_Level (Nov 16, 2017, 7:45:01 PM)
[2017.11.16-03.45.01:735][889]LogPlayLevel: Creating play world package: /Game/SplashFX/Maps/UEDPIE_0_Demo_Level
[2017.11.16-03.45.01:740][889]LogPlayLevel: PIE: StaticDuplicateObject took: (0.005654s)
[2017.11.16-03.45.01:741][889]LogAIModule: Creating AISystem for world Demo_Level
[2017.11.16-03.45.01:741][889]LogPlayLevel: PIE: World Init took: (0.000525s)
[2017.11.16-03.45.01:741][889]LogPlayLevel: PIE: Created PIE world by copying editor world from /Game/SplashFX/Maps/Demo_Level.Demo_Level to /Game/SplashFX/Maps/UEDPIE_0_Demo_Level.Demo_Level (0.006367s)
[2017.11.16-03.45.01:756][889]LogInit: XAudio2 using '扬声器 (Realtek High Definition Audio)' : 2 channels at 48 kHz using 32 bits per sample (channel mask 0x3)
[2017.11.16-03.45.01:767][889]LogInit: FAudioDevice initialized.
[2017.11.16-03.45.01:797][889]LogLoad: Game class is 'GameModeBase'
[2017.11.16-03.45.01:799][889]LogWorld: Bringing World /Game/SplashFX/Maps/UEDPIE_0_Demo_Level.Demo_Level up for play (max tick rate 0) at 2017.11.16-11.45.01
[2017.11.16-03.45.01:799][889]LogWorld: Bringing up level for play took: 0.001271
[2017.11.16-03.45.01:800][889]PIE: Info Play in editor start time for /Game/SplashFX/Maps/UEDPIE_0_Demo_Level 0.273
[2017.11.16-03.45.01:800][889]LogBlueprintUserMessages: Late PlayInEditor Detection: Level '/Game/SplashFX/Maps/Demo_Level.Demo_Level:PersistentLevel' has LevelScriptBlueprint '/Game/SplashFX/Maps/Demo_Level.Demo_Level:PersistentLevel.Demo_Level' with GeneratedClass '/Game/SplashFX/Maps/Demo_Level.Demo_Level_C' with ClassGeneratedBy '/Game/SplashFX/Maps/Demo_Level.Demo_Level:PersistentLevel.Demo_Level'
[2017.11.16-03.45.05:606][283]LogBlueprintUserMessages: Early EndPlayMap Detection: Level '/Game/SplashFX/Maps/Demo_Level.Demo_Level:PersistentLevel' has LevelScriptBlueprint '/Game/SplashFX/Maps/Demo_Level.Demo_Level:PersistentLevel.Demo_Level' with GeneratedClass '/Game/SplashFX/Maps/Demo_Level.Demo_Level_C' with ClassGeneratedBy '/Game/SplashFX/Maps/Demo_Level.Demo_Level:PersistentLevel.Demo_Level'
[2017.11.16-03.45.05:651][283]LogBlueprintUserMessages: Late EndPlayMap Detection: Level '/Game/SplashFX/Maps/Demo_Level.Demo_Level:PersistentLevel' has LevelScriptBlueprint '/Game/SplashFX/Maps/Demo_Level.Demo_Level:PersistentLevel.Demo_Level' with GeneratedClass '/Game/SplashFX/Maps/Demo_Level.Demo_Level_C' with ClassGeneratedBy '/Game/SplashFX/Maps/Demo_Level.Demo_Level:PersistentLevel.Demo_Level'
[2017.11.16-03.45.33:595][302]AssetTools: New page: Content migration completed successfully!
[2017.11.16-03.45.33:595][302]AssetTools: Info /Game/SplashFX/Particles/P_WaterSplash
[2017.11.16-03.45.33:595][302]AssetTools: Info /Game/SplashFX/Materials/M_WaterSplash_Inst
[2017.11.16-03.45.33:595][302]AssetTools: Info /Game/SplashFX/Materials/M_WaterSplash
[2017.11.16-03.45.33:595][302]AssetTools: Info /Game/SplashFX/Textures/T_Water_bump
[2017.11.16-03.45.33:595][302]AssetTools: Info /Game/SplashFX/Meshes/Splash/Splash2
[2017.11.16-03.45.33:595][302]AssetTools: Info /Game/SplashFX/Meshes/Splash/Splash3
[2017.11.16-03.45.33:595][302]AssetTools: Info /Game/SplashFX/Meshes/Splash/Splash4
[2017.11.16-03.45.37:370][463]LogCascade: Quitting Cascade. FXSystem=0x00000000645A3C40
[2017.11.16-03.45.37:703][463]LogCascade: Quitting Cascade. FXSystem=0x0000000062582F20
[2017.11.16-03.45.37:765][463]LogActorComponent: UnregisterComponent: (/Engine/Transient.FloorComponent) Not registered. Aborting.
[2017.11.16-03.45.37:992][464]Cmd: QUIT_EDITOR
[2017.11.16-03.45.38:041][464]LogExit: Preparing to exit.
[2017.11.16-03.45.39:023][464]LogDirectoryWatcher: A directory notification for 'E:/Effects/Water/Content/' was aborted.
[2017.11.16-03.45.39:047][464]LogExit: Editor shut down
[2017.11.16-03.45.39:047][464]LogExit: Transaction tracking system shut down
[2017.11.16-03.45.39:123][464]LogObj: Freed 0b from 0 cluster array pools.
[2017.11.16-03.45.39:123][464]LogExit: Object subsystem successfully closed.
[2017.11.16-03.45.39:133][464]LogD3D11RHI: Shutdown
[2017.11.16-03.45.39:133][464]LogD3D11RHI: CleanupD3DDevice
[2017.11.16-03.45.39:238][464]LogD3D11RHI: ~FD3D11DynamicRHI
[2017.11.16-03.45.39:244][464]LogModuleManager: Shutting down and abandoning module MovieSceneCapture (510)
[2017.11.16-03.45.39:244][464]LogModuleManager: Shutting down and abandoning module BlueprintGraph (508)
[2017.11.16-03.45.39:244][464]LogModuleManager: Shutting down and abandoning module BlueprintProfiler (506)
[2017.11.16-03.45.39:244][464]LogModuleManager: Shutting down and abandoning module StaticMeshEditor (504)
[2017.11.16-03.45.39:244][464]LogModuleManager: Shutting down and abandoning module DistCurveEditor (502)
[2017.11.16-03.45.39:244][464]LogModuleManager: Shutting down and abandoning module Cascade (500)
[2017.11.16-03.45.39:244][464]LogModuleManager: Shutting down and abandoning module HierarchicalLODOutliner (498)
[2017.11.16-03.45.39:244][464]LogModuleManager: Shutting down and abandoning module CrashTracker (496)
[2017.11.16-03.45.39:244][464]LogModuleManager: Shutting down and abandoning module SceneOutliner (494)
[2017.11.16-03.45.39:244][464]LogModuleManager: Shutting down and abandoning module AddContentDialog (492)
[2017.11.16-03.45.39:244][464]LogDirectoryWatcher: A directory notification for 'E:/UE4/UE_4.15/FeaturePacks/' was aborted.
[2017.11.16-03.45.39:245][464]LogModuleManager: Shutting down and abandoning module WidgetCarousel (491)
[2017.11.16-03.45.39:245][464]LogModuleManager: Shutting down and abandoning module EditorWidgets (488)
[2017.11.16-03.45.39:245][464]LogModuleManager: Shutting down and abandoning module CollectionManager (486)
[2017.11.16-03.45.39:245][464]LogDirectoryWatcher: A directory notification for 'E:/Effects/Water/Content/Collections/' was aborted.
[2017.11.16-03.45.39:245][464]LogDirectoryWatcher: A directory notification for 'E:/Effects/Water/Content/Developers/Administrator/Collections/' was aborted.
[2017.11.16-03.45.39:245][464]LogDirectoryWatcher: A directory notification for 'E:/Effects/Water/Saved/Collections/' was aborted.
[2017.11.16-03.45.39:245][464]LogModuleManager: Shutting down and abandoning module StatsViewer (484)
[2017.11.16-03.45.39:245][464]LogModuleManager: Shutting down and abandoning module FoliageEdit (482)
[2017.11.16-03.45.39:245][464]LogModuleManager: Shutting down and abandoning module LandscapeEditor (480)
[2017.11.16-03.45.39:245][464]LogModuleManager: Shutting down and abandoning module SceneDepthPickerMode (478)
[2017.11.16-03.45.39:245][464]LogModuleManager: Shutting down and abandoning module ActorPickerMode (476)
[2017.11.16-03.45.39:245][464]LogModuleManager: Shutting down and abandoning module GeometryMode (474)
[2017.11.16-03.45.39:245][464]LogModuleManager: Shutting down and abandoning module TextureAlignMode (472)
[2017.11.16-03.45.39:245][464]LogModuleManager: Shutting down and abandoning module BspMode (470)
[2017.11.16-03.45.39:245][464]LogModuleManager: Shutting down and abandoning module HardwareSurvey (468)
[2017.11.16-03.45.39:245][464]LogModuleManager: Shutting down and abandoning module SequenceRecorderSections (466)
[2017.11.16-03.45.39:245][464]LogModuleManager: Shutting down and abandoning module AutomationWorker (464)
[2017.11.16-03.45.39:245][464]LogModuleManager: Shutting down and abandoning module MatineeToLevelSequence (462)
[2017.11.16-03.45.39:245][464]LogModuleManager: Shutting down and abandoning module LevelSequenceEditor (460)
[2017.11.16-03.45.39:245][464]LogModuleManager: Shutting down and abandoning module PlacementMode (459)
[2017.11.16-03.45.39:245][464]LogModuleManager: Shutting down and abandoning module WmfMediaFactory (456)
[2017.11.16-03.45.39:245][464]LogModuleManager: Shutting down and abandoning module WmfMediaEditor (454)
[2017.11.16-03.45.39:245][464]LogModuleManager: Shutting down and abandoning module MfMediaFactory (452)
[2017.11.16-03.45.39:245][464]LogModuleManager: Shutting down and abandoning module MfMediaEditor (450)
[2017.11.16-03.45.39:245][464]LogModuleManager: Shutting down and abandoning module AvfMediaFactory (448)
[2017.11.16-03.45.39:245][464]LogModuleManager: Shutting down and abandoning module AvfMediaEditor (446)
[2017.11.16-03.45.39:245][464]LogModuleManager: Shutting down and abandoning module AndroidMediaFactory (444)
[2017.11.16-03.45.39:245][464]LogModuleManager: Shutting down and abandoning module Media (443)
[2017.11.16-03.45.39:245][464]LogModuleManager: Shutting down and abandoning module AndroidMediaEditor (440)
[2017.11.16-03.45.39:245][464]LogModuleManager: Shutting down and abandoning module CharacterAI (438)
[2017.11.16-03.45.39:245][464]LogModuleManager: Shutting down and abandoning module AudioCapture (436)
[2017.11.16-03.45.39:245][464]LogModuleManager: Shutting down and abandoning module SequenceRecorder (435)
[2017.11.16-03.45.39:245][464]LogModuleManager: Shutting down and abandoning module SmartSnapping (432)
[2017.11.16-03.45.39:245][464]LogModuleManager: Shutting down and abandoning module SessionServices (430)
[2017.11.16-03.45.39:245][464]LogModuleManager: Shutting down and abandoning module ViewportSnapping (428)
[2017.11.16-03.45.39:245][464]LogModuleManager: Shutting down and abandoning module ViewportInteraction (426)
[2017.11.16-03.45.39:245][464]LogModuleManager: Shutting down and abandoning module LogVisualizer (424)
[2017.11.16-03.45.39:245][464]LogModuleManager: Shutting down and abandoning module IntroTutorials (422)
[2017.11.16-03.45.39:245][464]LogModuleManager: Shutting down and abandoning module GameProjectGeneration (421)
[2017.11.16-03.45.39:245][464]LogModuleManager: Shutting down and abandoning module EditorLiveStreaming (418)
[2017.11.16-03.45.39:245][464]LogModuleManager: Shutting down and abandoning module IOSPlatformEditor (416)
[2017.11.16-03.45.39:245][464]LogModuleManager: Shutting down and abandoning module HTML5PlatformEditor (414)
[2017.11.16-03.45.39:245][464]LogModuleManager: Shutting down and abandoning module AndroidPlatformEditor (412)
[2017.11.16-03.45.39:245][464]LogModuleManager: Shutting down and abandoning module AndroidDeviceDetection (411)
[2017.11.16-03.45.39:964][464]LogModuleManager: Shutting down and abandoning module IOSRuntimeSettings (408)
[2017.11.16-03.45.39:964][464]LogModuleManager: Shutting down and abandoning module AndroidRuntimeSettings (406)
[2017.11.16-03.45.39:964][464]LogModuleManager: Shutting down and abandoning module InputBindingEditor (404)
[2017.11.16-03.45.39:964][464]LogModuleManager: Shutting down and abandoning module NiagaraEditor (402)
[2017.11.16-03.45.39:964][464]LogModuleManager: Shutting down and abandoning module MergeActors (400)
[2017.11.16-03.45.39:964][464]LogModuleManager: Shutting down and abandoning module SizeMap (398)
[2017.11.16-03.45.39:964][464]LogModuleManager: Shutting down and abandoning module TreeMap (396)
[2017.11.16-03.45.39:964][464]LogModuleManager: Shutting down and abandoning module ReferenceViewer (394)
[2017.11.16-03.45.39:964][464]LogModuleManager: Shutting down and abandoning module LocalizationDashboard (392)
[2017.11.16-03.45.39:964][464]LogModuleManager: Shutting down and abandoning module LocalizationService (391)
[2017.11.16-03.45.39:964][464]LogModuleManager: Shutting down and abandoning module HardwareTargeting (388)
[2017.11.16-03.45.39:964][464]LogModuleManager: Shutting down and abandoning module DeviceProfileEditor (386)
[2017.11.16-03.45.39:964][464]LogModuleManager: Shutting down and abandoning module UndoHistory (384)
[2017.11.16-03.45.39:964][464]LogModuleManager: Shutting down and abandoning module UserFeedback (382)
[2017.11.16-03.45.39:964][464]LogModuleManager: Shutting down and abandoning module XmlParser (380)
[2017.11.16-03.45.39:964][464]LogModuleManager: Shutting down and abandoning module Blutility (378)
[2017.11.16-03.45.39:964][464]LogModuleManager: Shutting down and abandoning module ProjectSettingsViewer (376)
[2017.11.16-03.45.39:964][464]LogModuleManager: Shutting down and abandoning module ProjectTargetPlatformEditor (375)
[2017.11.16-03.45.39:964][464]LogModuleManager: Shutting down and abandoning module EditorSettingsViewer (372)
[2017.11.16-03.45.39:964][464]LogModuleManager: Shutting down and abandoning module SettingsEditor (370)
[2017.11.16-03.45.39:965][464]LogModuleManager: Shutting down and abandoning module ProjectLauncher (368)
[2017.11.16-03.45.39:965][464]LogModuleManager: Shutting down and abandoning module SessionFrontend (366)
[2017.11.16-03.45.39:965][464]LogModuleManager: Shutting down and abandoning module ProfilerClient (364)
[2017.11.16-03.45.39:965][464]LogModuleManager: Shutting down and abandoning module DeviceManager (362)
[2017.11.16-03.45.39:965][464]LogModuleManager: Shutting down and abandoning module TargetDeviceServices (361)
[2017.11.16-03.45.39:995][464]LogModuleManager: Shutting down and abandoning module AutomationController (358)
[2017.11.16-03.45.39:995][464]LogModuleManager: Shutting down and abandoning module AutomationWindow (356)
[2017.11.16-03.45.39:995][464]LogModuleManager: Shutting down and abandoning module Layers (354)
[2017.11.16-03.45.39:995][464]LogModuleManager: Shutting down and abandoning module ComponentVisualizers (352)
[2017.11.16-03.45.39:995][464]LogModuleManager: Shutting down and abandoning module DetailCustomizations (350)
[2017.11.16-03.45.39:995][464]LogModuleManager: Shutting down and abandoning module PackagesDialog (348)
[2017.11.16-03.45.39:995][464]LogModuleManager: Shutting down and abandoning module Persona (346)
[2017.11.16-03.45.39:995][464]LogModuleManager: Shutting down and abandoning module AnimGraph (345)
[2017.11.16-03.45.39:995][464]LogModuleManager: Shutting down and abandoning module Kismet (342)
[2017.11.16-03.45.40:002][464]LogModuleManager: Shutting down and abandoning module GraphEditor (340)
[2017.11.16-03.45.40:002][464]LogModuleManager: Shutting down and abandoning module ClassViewer (338)
[2017.11.16-03.45.40:002][464]LogModuleManager: Shutting down and abandoning module Toolbox (336)
[2017.11.16-03.45.40:002][464]LogModuleManager: Shutting down and abandoning module ModuleUI (334)
[2017.11.16-03.45.40:002][464]LogModuleManager: Shutting down and abandoning module MovieSceneTools (332)
[2017.11.16-03.45.40:002][464]LogModuleManager: Shutting down and abandoning module OutputLog (330)
[2017.11.16-03.45.40:002][464]LogModuleManager: Shutting down and abandoning module GammaUI (328)
[2017.11.16-03.45.40:002][464]LogModuleManager: Shutting down and abandoning module Documentation (326)
[2017.11.16-03.45.40:002][464]LogModuleManager: Shutting down and abandoning module Niagara (324)
[2017.11.16-03.45.40:002][464]LogModuleManager: Shutting down and abandoning module StreamingPauseRendering (322)
[2017.11.16-03.45.40:002][464]LogModuleManager: Shutting down and abandoning module AnalyticsET (320)
[2017.11.16-03.45.40:002][464]LogModuleManager: Shutting down and abandoning module PortalServices (318)
[2017.11.16-03.45.40:002][464]LogModuleManager: Shutting down and abandoning module PortalRpc (316)
[2017.11.16-03.45.40:002][464]LogModuleManager: Shutting down and abandoning module MessagingRpc (314)
[2017.11.16-03.45.40:002][464]LogModuleManager: Shutting down and abandoning module AIModule (312)
[2017.11.16-03.45.40:002][464]LogModuleManager: Shutting down and abandoning module GameplayDebugger (311)
[2017.11.16-03.45.40:002][464]LogModuleManager: Shutting down and abandoning module AITestSuite (309)
[2017.11.16-03.45.40:002][464]LogModuleManager: Shutting down and abandoning module ProfilerService (306)
[2017.11.16-03.45.40:060][464]LogModuleManager: Shutting down and abandoning module TaskGraph (304)
[2017.11.16-03.45.40:060][464]LogModuleManager: Shutting down and abandoning module SteamVRController (302)
[2017.11.16-03.45.40:060][464]LogModuleManager: Shutting down and abandoning module SteamVR (300)
[2017.11.16-03.45.40:060][464]LogModuleManager: Shutting down and abandoning module ProceduralMeshComponentEditor (298)
[2017.11.16-03.45.40:060][464]LogModuleManager: Shutting down and abandoning module ProceduralMeshComponent (296)
[2017.11.16-03.45.40:060][464]LogModuleManager: Shutting down and abandoning module OculusLibrary (294)
[2017.11.16-03.45.40:060][464]LogModuleManager: Shutting down and abandoning module OculusInput (292)
[2017.11.16-03.45.40:060][464]LogModuleManager: Shutting down and abandoning module MobilePatchingUtils (290)
[2017.11.16-03.45.40:060][464]LogModuleManager: Shutting down and abandoning module CustomMeshComponent (288)
[2017.11.16-03.45.40:060][464]LogModuleManager: Shutting down and abandoning module CableComponent (286)
[2017.11.16-03.45.40:060][464]LogModuleManager: Shutting down and abandoning module ArchVisCharacter (284)
[2017.11.16-03.45.40:060][464]LogModuleManager: Shutting down and abandoning module MediaPlayerEditor (280)
[2017.11.16-03.45.40:060][464]LogModuleManager: Shutting down and abandoning module HTML5Networking (278)
[2017.11.16-03.45.40:060][464]LogModuleManager: Shutting down and abandoning module AlembicImporter (276)
[2017.11.16-03.45.40:060][464]LogModuleManager: Shutting down and abandoning module AlembicLibrary (275)
[2017.11.16-03.45.40:060][464]LogModuleManager: Shutting down and abandoning module GeometryCache (274)
[2017.11.16-03.45.40:060][464]LogModuleManager: Shutting down and abandoning module GeometryCacheEd (273)
[2017.11.16-03.45.40:060][464]LogModuleManager: Shutting down and abandoning module SuperSearchEditor (268)
[2017.11.16-03.45.40:060][464]LogModuleManager: Shutting down and abandoning module SuperSearch (267)
[2017.11.16-03.45.40:060][464]LogModuleManager: Shutting down and abandoning module SpeedTreeImporter (264)
[2017.11.16-03.45.40:060][464]LogModuleManager: Shutting down and abandoning module PluginBrowser (262)
[2017.11.16-03.45.40:060][464]LogModuleManager: Shutting down and abandoning module MobileLauncherProfileWizard (260)
[2017.11.16-03.45.40:060][464]LogModuleManager: Shutting down and abandoning module EpicSurvey (258)
[2017.11.16-03.45.40:060][464]LogModuleManager: Shutting down and abandoning module VisualStudioSourceCodeAccess (256)
[2017.11.16-03.45.40:060][464]LogModuleManager: Shutting down and abandoning module DesktopPlatform (255)
[2017.11.16-03.45.40:060][464]LogModuleManager: Shutting down and abandoning module UObjectPlugin (252)
[2017.11.16-03.45.40:060][464]LogModuleManager: Shutting down and abandoning module SubversionSourceControl (250)
[2017.11.16-03.45.40:060][464]LogModuleManager: Shutting down and abandoning module PerforceSourceControl (248)
[2017.11.16-03.45.40:060][464]LogModuleManager: Shutting down and abandoning module GitSourceControl (246)
[2017.11.16-03.45.40:060][464]LogModuleManager: Shutting down and abandoning module SourceControl (245)
[2017.11.16-03.45.40:061][464]LogModuleManager: Shutting down and abandoning module LightPropagationVolumeEditor (242)
[2017.11.16-03.45.40:061][464]LogModuleManager: Shutting down and abandoning module PaperTiledImporter (240)
[2017.11.16-03.45.40:061][464]LogModuleManager: Shutting down and abandoning module PaperSpriteSheetImporter (238)
[2017.11.16-03.45.40:061][464]LogModuleManager: Shutting down and abandoning module Paper2DEditor (236)
[2017.11.16-03.45.40:061][464]LogModuleManager: Shutting down and abandoning module MeshPaint (235)
[2017.11.16-03.45.40:061][464]LogModuleManager: Shutting down and abandoning module LevelEditor (233)
[2017.11.16-03.45.40:061][464]LogModuleManager: Shutting down and abandoning module PixelInspectorModule (232)
[2017.11.16-03.45.40:061][464]LogModuleManager: Shutting down and abandoning module MainFrame (230)
[2017.11.16-03.45.40:061][464]LogModuleManager: Shutting down and abandoning module HotReload (229)
[2017.11.16-03.45.40:062][464]LogModuleManager: Shutting down and abandoning module ContentBrowser (225)
[2017.11.16-03.45.40:063][464]LogModuleManager: Shutting down and abandoning module PhysXVehiclesEditor (222)
[2017.11.16-03.45.40:063][464]LogModuleManager: Shutting down and abandoning module PhysXVehicles (220)
[2017.11.16-03.45.40:063][464]LogModuleManager: Shutting down and abandoning module LocationServicesBPLibrary (218)
[2017.11.16-03.45.40:063][464]LogModuleManager: Shutting down and abandoning module UdpMessaging (216)
[2017.11.16-03.45.40:163][464]LogModuleManager: Shutting down and abandoning module TcpMessaging (214)
[2017.11.16-03.45.40:263][464]LogModuleManager: Shutting down and abandoning module GameplayTagsEditor (212)
[2017.11.16-03.45.40:263][464]LogModuleManager: Shutting down and abandoning module FacialAnimationEditor (210)
[2017.11.16-03.45.40:263][464]LogModuleManager: Shutting down and abandoning module FacialAnimation (208)
[2017.11.16-03.45.40:263][464]LogModuleManager: Shutting down and abandoning module LightPropagationVolumeRuntime (206)
[2017.11.16-03.45.40:263][464]LogModuleManager: Shutting down and abandoning module Paper2D (204)
[2017.11.16-03.45.40:263][464]LogModuleManager: Shutting down and abandoning module WindowsMoviePlayer (202)
[2017.11.16-03.45.40:263][464]LogModuleManager: Shutting down and abandoning module WmfMedia (200)
[2017.11.16-03.45.40:263][464]LogModuleManager: Shutting down and abandoning module MfMedia (198)
[2017.11.16-03.45.40:263][464]LogModuleManager: Shutting down and abandoning module MediaAssets (196)
[2017.11.16-03.45.40:263][464]LogModuleManager: Shutting down and abandoning module GameLiveStreaming (194)
[2017.11.16-03.45.40:263][464]LogModuleManager: Shutting down and abandoning module VREditor (192)
[2017.11.16-03.45.40:263][464]LogModuleManager: Shutting down and abandoning module GameplayTasksEditor (190)
[2017.11.16-03.45.40:263][464]LogModuleManager: Shutting down and abandoning module BehaviorTreeEditor (188)
[2017.11.16-03.45.40:263][464]LogModuleManager: Shutting down and abandoning module FunctionalTesting (186)
[2017.11.16-03.45.40:263][464]LogModuleManager: Shutting down and abandoning module CollisionAnalyzer (184)
[2017.11.16-03.45.40:263][464]LogModuleManager: Shutting down and abandoning module UMG (182)
[2017.11.16-03.45.40:263][464]LogModuleManager: Shutting down and abandoning module UMGEditor (181)
[2017.11.16-03.45.40:263][464]LogModuleManager: Shutting down and abandoning module Sequencer (180)
[2017.11.16-03.45.40:263][464]LogModuleManager: Shutting down and abandoning module AssetTools (178)
[2017.11.16-03.45.40:263][464]LogModuleManager: Shutting down and abandoning module MessageLog (177)
[2017.11.16-03.45.40:263][464]LogModuleManager: Shutting down and abandoning module WorkspaceMenuStructure (176)
[2017.11.16-03.45.40:263][464]LogModuleManager: Shutting down and abandoning module SlateReflector (170)
[2017.11.16-03.45.40:263][464]LogModuleManager: Shutting down and abandoning module Slate (168)
[2017.11.16-03.45.40:263][464]LogModuleManager: Shutting down and abandoning module EditorStyle (166)
[2017.11.16-03.45.40:265][464]LogModuleManager: Shutting down and abandoning module SourceCodeAccess (164)
[2017.11.16-03.45.40:265][464]LogModuleManager: Shutting down and abandoning module HeadMountedDisplay (162)
[2017.11.16-03.45.40:265][464]LogModuleManager: Shutting down and abandoning module XAudio2 (160)
[2017.11.16-03.45.40:265][464]LogModuleManager: Shutting down and abandoning module Networking (158)
[2017.11.16-03.45.40:265][464]LogModuleManager: Shutting down and abandoning module Core (154)
[2017.11.16-03.45.40:265][464]LogModuleManager: Shutting down and abandoning module AssetRegistry (152)
[2017.11.16-03.45.40:352][464]LogDirectoryWatcher: A directory notification for '../../../Engine/Content/' was aborted.
[2017.11.16-03.45.40:353][464]LogDirectoryWatcher: A directory notification for '../../../../../Effects/Water/Content/' was aborted.
[2017.11.16-03.45.40:353][464]LogDirectoryWatcher: A directory notification for '../../../Engine/Plugins/2D/Paper2D/Content/' was aborted.
[2017.11.16-03.45.40:353][464]LogModuleManager: Shutting down and abandoning module DirectoryWatcher (151)
[2017.11.16-03.45.40:353][464]LogModuleManager: Shutting down and abandoning module KismetCompiler (148)
[2017.11.16-03.45.40:353][464]LogModuleManager: Shutting down and abandoning module PhysXFormats (146)
[2017.11.16-03.45.40:353][464]LogModuleManager: Shutting down and abandoning module MeshUtilities (144)
[2017.11.16-03.45.40:353][464]LogModuleManager: Shutting down and abandoning module SimplygonSwarm (143)
[2017.11.16-03.45.40:353][464]LogModuleManager: Shutting down and abandoning module SimplygonMeshReduction (141)
[2017.11.16-03.45.40:353][464]LogModuleManager: Shutting down and abandoning module QuadricMeshReduction (139)
[2017.11.16-03.45.40:353][464]LogModuleManager: Shutting down and abandoning module PropertyEditor (137)
[2017.11.16-03.45.40:353][464]LogModuleManager: Shutting down and abandoning module DerivedDataCache (134)
[2017.11.16-03.45.40:361][464]LogDerivedDataCache: Shutdown
[2017.11.16-03.45.40:361][464]LogModuleManager: Shutting down and abandoning module TargetPlatform (132)
[2017.11.16-03.45.40:361][464]LogModuleManager: Shutting down and abandoning module VulkanShaderFormat (131)
[2017.11.16-03.45.40:361][464]LogModuleManager: Shutting down and abandoning module ShaderFormatOpenGL (129)
[2017.11.16-03.45.40:361][464]LogModuleManager: Shutting down and abandoning module ShaderFormatD3D (127)
[2017.11.16-03.45.40:361][464]LogModuleManager: Shutting down and abandoning module MetalShaderFormat (125)
[2017.11.16-03.45.40:361][464]LogModuleManager: Shutting down and abandoning module TextureFormatUncompressed (123)
[2017.11.16-03.45.40:361][464]LogModuleManager: Shutting down and abandoning module TextureFormatPVR (121)
[2017.11.16-03.45.40:361][464]LogModuleManager: Shutting down and abandoning module TextureFormatDXT (119)
[2017.11.16-03.45.40:361][464]LogModuleManager: Shutting down and abandoning module TextureFormatIntelISPCTexComp (117)
[2017.11.16-03.45.40:361][464]LogModuleManager: Shutting down and abandoning module TextureFormatASTC (115)
[2017.11.16-03.45.40:361][464]LogModuleManager: Shutting down and abandoning module ImageWrapper (114)
[2017.11.16-03.45.40:361][464]LogModuleManager: Shutting down and abandoning module TextureFormatAndroid (111)
[2017.11.16-03.45.40:361][464]LogModuleManager: Shutting down and abandoning module AudioFormatOpus (109)
[2017.11.16-03.45.40:361][464]LogModuleManager: Shutting down and abandoning module AudioFormatOgg (107)
[2017.11.16-03.45.40:361][464]LogModuleManager: Shutting down and abandoning module AudioFormatADPCM (105)
[2017.11.16-03.45.40:361][464]LogModuleManager: Shutting down and abandoning module LinuxTargetPlatform (103)
[2017.11.16-03.45.40:361][464]LogModuleManager: Shutting down and abandoning module LinuxServerTargetPlatform (101)
[2017.11.16-03.45.40:361][464]LogModuleManager: Shutting down and abandoning module LinuxNoEditorTargetPlatform (99)
[2017.11.16-03.45.40:361][464]LogModuleManager: Shutting down and abandoning module LinuxClientTargetPlatform (97)
[2017.11.16-03.45.40:361][464]LogModuleManager: Shutting down and abandoning module TVOSTargetPlatform (95)
[2017.11.16-03.45.40:361][464]LogModuleManager: Shutting down and abandoning module Messaging (93)
[2017.11.16-03.45.40:361][464]LogModuleManager: Shutting down and abandoning module IOSTargetPlatform (91)
[2017.11.16-03.45.40:361][464]LogModuleManager: Shutting down and abandoning module HTML5TargetPlatform (89)
[2017.11.16-03.45.40:361][464]LogModuleManager: Shutting down and abandoning module Android_PVRTCTargetPlatform (87)
[2017.11.16-03.45.40:361][464]LogModuleManager: Shutting down and abandoning module Android_MultiTargetPlatform (85)
[2017.11.16-03.45.40:361][464]LogModuleManager: Shutting down and abandoning module Android_ETC2TargetPlatform (83)
[2017.11.16-03.45.40:361][464]LogModuleManager: Shutting down and abandoning module Android_ETC1TargetPlatform (81)
[2017.11.16-03.45.40:361][464]LogModuleManager: Shutting down and abandoning module Android_DXTTargetPlatform (79)
[2017.11.16-03.45.40:361][464]LogModuleManager: Shutting down and abandoning module Android_ATCTargetPlatform (77)
[2017.11.16-03.45.40:361][464]LogModuleManager: Shutting down and abandoning module Android_ASTCTargetPlatform (75)
[2017.11.16-03.45.40:361][464]LogModuleManager: Shutting down and abandoning module AndroidTargetPlatform (73)
[2017.11.16-03.45.40:361][464]LogModuleManager: Shutting down and abandoning module WindowsTargetPlatform (71)
[2017.11.16-03.45.40:361][464]LogModuleManager: Shutting down and abandoning module WindowsServerTargetPlatform (69)
[2017.11.16-03.45.40:361][464]LogModuleManager: Shutting down and abandoning module WindowsNoEditorTargetPlatform (67)
[2017.11.16-03.45.40:361][464]LogModuleManager: Shutting down and abandoning module WindowsClientTargetPlatform (65)
[2017.11.16-03.45.40:361][464]LogModuleManager: Shutting down and abandoning module MacTargetPlatform (63)
[2017.11.16-03.45.40:361][464]LogModuleManager: Shutting down and abandoning module MacServerTargetPlatform (61)
[2017.11.16-03.45.40:361][464]LogModuleManager: Shutting down and abandoning module MacNoEditorTargetPlatform (59)
[2017.11.16-03.45.40:361][464]LogModuleManager: Shutting down and abandoning module MacClientTargetPlatform (57)
[2017.11.16-03.45.40:361][464]LogModuleManager: Shutting down and abandoning module AllDesktopTargetPlatform (55)
[2017.11.16-03.45.40:361][464]LogModuleManager: Shutting down and abandoning module InputCore (52)
[2017.11.16-03.45.40:361][464]LogModuleManager: Shutting down and abandoning module Settings (50)
[2017.11.16-03.45.40:361][464]LogModuleManager: Shutting down and abandoning module OculusRift (48)
[2017.11.16-03.45.40:361][464]LogModuleManager: Shutting down and abandoning module GearVR (46)
[2017.11.16-03.45.40:361][464]LogModuleManager: Shutting down and abandoning module ExampleDeviceProfileSelector (44)
[2017.11.16-03.45.40:361][464]LogModuleManager: Shutting down and abandoning module OnlineBlueprintSupport (42)
[2017.11.16-03.45.40:361][464]LogModuleManager: Shutting down and abandoning module OnlineSubsystem (38)
[2017.11.16-03.45.40:361][464]LogOnline:Display: Unloading online subsystem: NULL
[2017.11.16-03.45.40:361][464]LogModuleManager: Shutting down and abandoning module XMPP (37)
[2017.11.16-03.45.40:361][464]LogModuleManager: Shutting down and abandoning module HTTP (35)
[2017.11.16-03.45.40:361][464]LogHttp:Display: Http module shutting down, but needs to wait on 1 outstanding Http requests:
[2017.11.16-03.45.40:361][464]LogHttp:Display: 	verb=[POST] url=[https://datarouter.ol.epicgames.com/datarouter/api/v1/public/data?SessionID=%7BE5E6517E-4297-CB63-6B5F-219F7274A98B%7D&AppID=UEEditor.Rocket.Release&AppVersion=4.15.3-3450819%2B%2B%2BUE4%2BRelease-4.15&UserID=c2d3eca640b3e604acd11a971a562947%7C612e3ab01c67402dbc55d15ed3b8d9d2%7C6405834b-6c72-4deb-b530-365b85ce1902&AppEnvironment=datacollector-binary&UploadType=eteventstream] status=Processing
[2017.11.16-03.45.40:387][464]LogModuleManager: Shutting down and abandoning module SSL (34)
[2017.11.16-03.45.40:389][464]LogModuleManager: Shutting down and abandoning module AudioEditor (30)
[2017.11.16-03.45.40:389][464]LogModuleManager: Shutting down and abandoning module TextureCompressor (28)
[2017.11.16-03.45.40:389][464]LogModuleManager: Shutting down and abandoning module ShaderCore (26)
[2017.11.16-03.45.40:389][464]LogModuleManager: Shutting down and abandoning module Landscape (24)
[2017.11.16-03.45.40:389][464]LogModuleManager: Shutting down and abandoning module SlateRHIRenderer (22)
[2017.11.16-03.45.40:390][464]LogModuleManager: Shutting down and abandoning module OpenGLDrv (20)
[2017.11.16-03.45.40:390][464]LogModuleManager: Shutting down and abandoning module D3D11RHI (18)
[2017.11.16-03.45.40:390][464]LogModuleManager: Shutting down and abandoning module AnimGraphRuntime (16)
[2017.11.16-03.45.40:390][464]LogModuleManager: Shutting down and abandoning module Renderer (14)
[2017.11.16-03.45.40:390][464]LogModuleManager: Shutting down and abandoning module Engine (12)
[2017.11.16-03.45.40:390][464]LogModuleManager: Shutting down and abandoning module CoreUObject (10)
[2017.11.16-03.45.40:390][464]LogModuleManager: Shutting down and abandoning module NetworkFile (8)
[2017.11.16-03.45.40:390][464]LogModuleManager: Shutting down and abandoning module StreamingFile (6)
[2017.11.16-03.45.40:390][464]LogModuleManager: Shutting down and abandoning module SandboxFile (4)
[2017.11.16-03.45.40:390][464]LogModuleManager: Shutting down and abandoning module PakFile (2)
[2017.11.16-03.45.40:391][464]LogExit: Exiting.
[2017.11.16-03.45.40:397][464]Log file closed, 11/16/17 11:45:40
